Using pre-set license
Built from '2020.3/release' branch; Version is '2020.3.15f2 (6cf78cb77498) revision 7141260'; Using compiler version '192528614'; Build Type 'Release'
OS: 'Windows 10 Pro; OS build 19043.1526; Version 2009; 64bit' Language: 'en' Physical Memory: 16319 MB
BatchMode: 1, IsHumanControllingUs: 0, StartBugReporterOnCrash: 0, Is64bit: 1, IsPro: 0

 COMMAND LINE ARGUMENTS:
D:\Unity\2018.4.11f1\Editor\Unity.exe
-adb2
-batchMode
-noUpm
-name
AssetImportWorker0
-projectPath
C:/Users/Aidan/Documents/GitHub/MAGD-372 Tanks/Tanks
-logFile
Logs/AssetImportWorker0.log
-srvPort
52018
Successfully changed project path to: C:/Users/Aidan/Documents/GitHub/MAGD-372 Tanks/Tanks
C:/Users/Aidan/Documents/GitHub/MAGD-372 Tanks/Tanks
Using Asset Import Pipeline V2.
Refreshing native plugins compatible for Editor in 66.56 ms, found 2 plugins.
Preloading 0 native plugins for Editor in 0.00 ms.
Initialize engine version: 2020.3.15f2 (6cf78cb77498)
[Subsystems] Discovering subsystems at path D:/Unity/2018.4.11f1/Editor/Data/Resources/UnitySubsystems
[Subsystems] Discovering subsystems at path C:/Users/Aidan/Documents/GitHub/MAGD-372 Tanks/Tanks/Assets
GfxDevice: creating device client; threaded=0
Direct3D:
    Version:  Direct3D 11.0 [level 11.1]
    Renderer: NVIDIA GeForce GTX 1080 (ID=0x1b80)
    Vendor:   
    VRAM:     8079 MB
    Driver:   27.21.14.5671
Initialize mono
Mono path[0] = 'D:/Unity/2018.4.11f1/Editor/Data/Managed'
Mono path[1] = 'D:/Unity/2018.4.11f1/Editor/Data/MonoBleedingEdge/lib/mono/unityjit'
Mono config path = 'D:/Unity/2018.4.11f1/Editor/Data/MonoBleedingEdge/etc'
Using monoOptions --debugger-agent=transport=dt_socket,embedding=1,server=y,suspend=n,address=127.0.0.1:56388
Begin MonoManager ReloadAssembly
Registering precompiled unity dll's ...
Register platform support module: D:/Unity/2018.4.11f1/Editor/Data/PlaybackEngines/WebGLSupport/UnityEditor.WebGL.Extensions.dll
Register platform support module: D:/Unity/2018.4.11f1/Editor/Data/PlaybackEngines/WindowsStandaloneSupport/UnityEditor.WindowsStandalone.Extensions.dll
Registered in 0.001320 seconds.
Native extension for WindowsStandalone target not found
Native extension for WebGL target not found
Refreshing native plugins compatible for Editor in 51.47 ms, found 2 plugins.
Preloading 0 native plugins for Editor in 0.00 ms.
Mono: successfully reloaded assembly
- Completed reload, in  0.963 seconds
Domain Reload Profiling:
	ReloadAssembly (963ms)
		BeginReloadAssembly (54ms)
			ExecutionOrderSort (0ms)
			DisableScriptedObjects (0ms)
			BackupInstance (0ms)
			ReleaseScriptingObjects (0ms)
			CreateAndSetChildDomain (1ms)
		EndReloadAssembly (434ms)
			LoadAssemblies (53ms)
			RebuildTransferFunctionScriptingTraits (0ms)
			SetupTypeCache (152ms)
			ReleaseScriptCaches (0ms)
			RebuildScriptCaches (29ms)
			SetupLoadedEditorAssemblies (183ms)
				LogAssemblyErrors (0ms)
				InitializePlatformSupportModulesInManaged (4ms)
				SetLoadedEditorAssemblies (0ms)
				RefreshPlugins (52ms)
				BeforeProcessingInitializeOnLoad (24ms)
				ProcessInitializeOnLoadAttributes (76ms)
				ProcessInitializeOnLoadMethodAttributes (27ms)
				AfterProcessingInitializeOnLoad (0ms)
				EditorAssembliesLoaded (0ms)
			ExecutionOrderSort2 (0ms)
			AwakeInstancesAfterBackupRestoration (0ms)
Platform modules already initialized, skipping
Registering precompiled user dll's ...
Registered in 0.008936 seconds.
Begin MonoManager ReloadAssembly
Native extension for WindowsStandalone target not found
Native extension for WebGL target not found
Refreshing native plugins compatible for Editor in 0.68 ms, found 2 plugins.
Preloading 0 native plugins for Editor in 0.00 ms.
Mono: successfully reloaded assembly
- Completed reload, in  1.199 seconds
Domain Reload Profiling:
	ReloadAssembly (1200ms)
		BeginReloadAssembly (139ms)
			ExecutionOrderSort (0ms)
			DisableScriptedObjects (4ms)
			BackupInstance (0ms)
			ReleaseScriptingObjects (0ms)
			CreateAndSetChildDomain (17ms)
		EndReloadAssembly (1004ms)
			LoadAssemblies (98ms)
			RebuildTransferFunctionScriptingTraits (0ms)
			SetupTypeCache (304ms)
			ReleaseScriptCaches (0ms)
			RebuildScriptCaches (47ms)
			SetupLoadedEditorAssemblies (462ms)
				LogAssemblyErrors (0ms)
				InitializePlatformSupportModulesInManaged (6ms)
				SetLoadedEditorAssemblies (0ms)
				RefreshPlugins (1ms)
				BeforeProcessingInitializeOnLoad (88ms)
				ProcessInitializeOnLoadAttributes (326ms)
				ProcessInitializeOnLoadMethodAttributes (38ms)
				AfterProcessingInitializeOnLoad (2ms)
				EditorAssembliesLoaded (0ms)
			ExecutionOrderSort2 (0ms)
			AwakeInstancesAfterBackupRestoration (6ms)
Platform modules already initialized, skipping
========================================================================
Worker process is ready to serve import requests
Launched and connected shader compiler UnityShaderCompiler.exe after 0.04 seconds
Refreshing native plugins compatible for Editor in 0.72 ms, found 2 plugins.
Preloading 0 native plugins for Editor in 0.00 ms.
Unloading 2228 Unused Serialized files (Serialized files now loaded: 0)
System memory in use before: 94.6 MB.
System memory in use after: 94.6 MB.

Unloading 63 unused Assets to reduce memory usage. Loaded Objects now: 2629.
Total: 5.483400 ms (FindLiveObjects: 0.214900 ms CreateObjectMapping: 0.104000 ms MarkObjects: 5.063800 ms  DeleteObjects: 0.099600 ms)

AssetImportParameters requested are different than current active one (requested -> active):
  custom:framework-win-MediaFoundation: 216162199b28c13a410421893ffa2e32 -> 
  custom:video-decoder-ogg-theora: a1e56fd34408186e4bbccfd4996cb3dc -> 
  custom:container-muxer-webm: aa71ff27fc2769a1b78a27578f13a17b -> 
  custom:container-demuxer-webm: 4f35f7cbe854078d1ac9338744f61a02 -> 
  custom:container-demuxer-ogg: 62fdf1f143b41e24485cea50d1cbac27 -> 
  custom:video-encoder-webm-vp8: eb34c28f22e8b96e1ab97ce403110664 -> 
  custom:video-codec-MediaFoundation-h265: 746d11721c4dcdbdad8f713fa42b33f4 -> 
  custom:video-decoder-webm-vp8: 9c59270c3fd7afecdb556c50c9e8de78 -> 
  custom:audio-decoder-ogg-vorbis: bf7c407c2cedff20999df2af8eb42d56 -> 
  custom:audio-encoder-webm-vorbis: bf7c407c2cedff20999df2af8eb42d56 -> 
========================================================================
Received Import Request.
  path: Assets/AudioClips
  artifactKey: Guid(0df7b64f0e702f14897580a356feae92) Importer(815301076,1909f56bfc062723c751e8b465ee728b)
Start importing Assets/AudioClips using Guid(0df7b64f0e702f14897580a356feae92) Importer(815301076,1909f56bfc062723c751e8b465ee728b)  -> (artifact id: 'ab7e2ea8d7ddf64aedd0c99b343858c9') in 0.005341 seconds 
  Import took 0.008948 seconds .

========================================================================
Received Import Request.
  Time since last request: 89.938782 seconds.
  path: Assets/AudioClips/NewAudioMixer.mixer
  artifactKey: Guid(4265f0c2efd5a2d4db508c8f2eb54084) Importer(815301076,1909f56bfc062723c751e8b465ee728b)
Start importing Assets/AudioClips/NewAudioMixer.mixer using Guid(4265f0c2efd5a2d4db508c8f2eb54084) Importer(815301076,1909f56bfc062723c751e8b465ee728b)  -> (artifact id: '89f5c33287c367ab14d40e2ef7f5c215') in 0.048745 seconds 
  Import took 0.051865 seconds .

========================================================================
Received Import Request.
  Time since last request: 6.088180 seconds.
  path: Assets/AudioClips/MainMix.mixer
  artifactKey: Guid(4265f0c2efd5a2d4db508c8f2eb54084) Importer(815301076,1909f56bfc062723c751e8b465ee728b)
Start importing Assets/AudioClips/MainMix.mixer using Guid(4265f0c2efd5a2d4db508c8f2eb54084) Importer(815301076,1909f56bfc062723c751e8b465ee728b)  -> (artifact id: '9196cd3ea45cb8a9598a809b8a20c17a') in 0.003867 seconds 
  Import took 0.007592 seconds .

========================================================================
Received Import Request.
  Time since last request: 37.148689 seconds.
  path: Assets/AudioClips/MainMix.mixer
  artifactKey: Guid(4265f0c2efd5a2d4db508c8f2eb54084) Importer(815301076,1909f56bfc062723c751e8b465ee728b)
Start importing Assets/AudioClips/MainMix.mixer using Guid(4265f0c2efd5a2d4db508c8f2eb54084) Importer(815301076,1909f56bfc062723c751e8b465ee728b)  -> (artifact id: '08209698cfd18ac6656f945d8cacc78f') in 0.002549 seconds 
  Import took 0.005660 seconds .

========================================================================
Received Import Request.
  Time since last request: 0.191672 seconds.
  path: Assets/AudioClips/MainMix.mixer
  artifactKey: Guid(4265f0c2efd5a2d4db508c8f2eb54084) Importer(815301076,1909f56bfc062723c751e8b465ee728b)
Start importing Assets/AudioClips/MainMix.mixer using Guid(4265f0c2efd5a2d4db508c8f2eb54084) Importer(815301076,1909f56bfc062723c751e8b465ee728b)  -> (artifact id: '08209698cfd18ac6656f945d8cacc78f') in 0.003077 seconds 
  Import took 0.006547 seconds .

========================================================================
Received Import Request.
  Time since last request: 3.122817 seconds.
  path: Assets/AudioClips/MainMix.mixer
  artifactKey: Guid(4265f0c2efd5a2d4db508c8f2eb54084) Importer(815301076,1909f56bfc062723c751e8b465ee728b)
Start importing Assets/AudioClips/MainMix.mixer using Guid(4265f0c2efd5a2d4db508c8f2eb54084) Importer(815301076,1909f56bfc062723c751e8b465ee728b)  -> (artifact id: '8d755f4bbdb5c9de1a798f4b7cb2fbad') in 0.003475 seconds 
  Import took 0.007097 seconds .

========================================================================
Received Import Request.
  Time since last request: 4.048510 seconds.
  path: Assets/AudioClips/MainMix.mixer
  artifactKey: Guid(4265f0c2efd5a2d4db508c8f2eb54084) Importer(815301076,1909f56bfc062723c751e8b465ee728b)
Start importing Assets/AudioClips/MainMix.mixer using Guid(4265f0c2efd5a2d4db508c8f2eb54084) Importer(815301076,1909f56bfc062723c751e8b465ee728b)  -> (artifact id: '24acd343faff493fc72d689343be2713') in 0.002612 seconds 
  Import took 0.006238 seconds .

========================================================================
Received Import Request.
  Time since last request: 0.029312 seconds.
  path: Assets/AudioClips/MainMix.mixer
  artifactKey: Guid(4265f0c2efd5a2d4db508c8f2eb54084) Importer(815301076,1909f56bfc062723c751e8b465ee728b)
Start importing Assets/AudioClips/MainMix.mixer using Guid(4265f0c2efd5a2d4db508c8f2eb54084) Importer(815301076,1909f56bfc062723c751e8b465ee728b)  -> (artifact id: '24acd343faff493fc72d689343be2713') in 0.003090 seconds 
  Import took 0.006815 seconds .

========================================================================
Received Import Request.
  Time since last request: 3.336523 seconds.
  path: Assets/AudioClips/MainMix.mixer
  artifactKey: Guid(4265f0c2efd5a2d4db508c8f2eb54084) Importer(815301076,1909f56bfc062723c751e8b465ee728b)
Start importing Assets/AudioClips/MainMix.mixer using Guid(4265f0c2efd5a2d4db508c8f2eb54084) Importer(815301076,1909f56bfc062723c751e8b465ee728b)  -> (artifact id: '75a6163369178eaeea6c2d9378e6d6ed') in 0.003994 seconds 
  Import took 0.007602 seconds .

========================================================================
Received Import Request.
  Time since last request: 3.614093 seconds.
  path: Assets/AudioClips/MainMix.mixer
  artifactKey: Guid(4265f0c2efd5a2d4db508c8f2eb54084) Importer(815301076,1909f56bfc062723c751e8b465ee728b)
Start importing Assets/AudioClips/MainMix.mixer using Guid(4265f0c2efd5a2d4db508c8f2eb54084) Importer(815301076,1909f56bfc062723c751e8b465ee728b)  -> (artifact id: '12e49ea99c213d717ceaf213e665488a') in 0.002522 seconds 
  Import took 0.005715 seconds .

========================================================================
Received Import Request.
  Time since last request: 0.029853 seconds.
  path: Assets/AudioClips/MainMix.mixer
  artifactKey: Guid(4265f0c2efd5a2d4db508c8f2eb54084) Importer(815301076,1909f56bfc062723c751e8b465ee728b)
Start importing Assets/AudioClips/MainMix.mixer using Guid(4265f0c2efd5a2d4db508c8f2eb54084) Importer(815301076,1909f56bfc062723c751e8b465ee728b)  -> (artifact id: '12e49ea99c213d717ceaf213e665488a') in 0.003235 seconds 
  Import took 0.006468 seconds .

========================================================================
Received Import Request.
  Time since last request: 2.357186 seconds.
  path: Assets/AudioClips/MainMix.mixer
  artifactKey: Guid(4265f0c2efd5a2d4db508c8f2eb54084) Importer(815301076,1909f56bfc062723c751e8b465ee728b)
Start importing Assets/AudioClips/MainMix.mixer using Guid(4265f0c2efd5a2d4db508c8f2eb54084) Importer(815301076,1909f56bfc062723c751e8b465ee728b)  -> (artifact id: '64194bd9c332ae3b8e10f37fb51a29c6') in 0.003144 seconds 
  Import took 0.007189 seconds .

========================================================================
Received Import Request.
  Time since last request: 28.763439 seconds.
  path: Assets/Prefabs/Tank.prefab
  artifactKey: Guid(5916701a99d54da4b9c55c2c860907f7) Importer(815301076,1909f56bfc062723c751e8b465ee728b)
Start importing Assets/Prefabs/Tank.prefab using Guid(5916701a99d54da4b9c55c2c860907f7) Importer(815301076,1909f56bfc062723c751e8b465ee728b)  -> (artifact id: 'd4f28cacb4309e91b6b44522fefab9bc') in 0.104700 seconds 
  Import took 0.108804 seconds .

========================================================================
Received Import Request.
  Time since last request: 4.527691 seconds.
  path: Assets/Prefabs/Tank.prefab
  artifactKey: Guid(5916701a99d54da4b9c55c2c860907f7) Importer(815301076,1909f56bfc062723c751e8b465ee728b)
Start importing Assets/Prefabs/Tank.prefab using Guid(5916701a99d54da4b9c55c2c860907f7) Importer(815301076,1909f56bfc062723c751e8b465ee728b)  -> (artifact id: '2d7cda98709194bca3fd89d94a8dad1a') in 0.020055 seconds 
  Import took 0.024370 seconds .

========================================================================
Received Import Request.
  Time since last request: 11.276184 seconds.
  path: Assets/Prefabs/Tank.prefab
  artifactKey: Guid(5916701a99d54da4b9c55c2c860907f7) Importer(815301076,1909f56bfc062723c751e8b465ee728b)
Start importing Assets/Prefabs/Tank.prefab using Guid(5916701a99d54da4b9c55c2c860907f7) Importer(815301076,1909f56bfc062723c751e8b465ee728b)  -> (artifact id: 'eb26011859487a0aeb1d167b7feea84c') in 0.020540 seconds 
  Import took 0.024994 seconds .

========================================================================
Received Import Request.
  Time since last request: 8.609345 seconds.
  path: Assets/Prefabs/Shell.prefab
  artifactKey: Guid(7c060fd572c750f46a577bc7960150e7) Importer(815301076,1909f56bfc062723c751e8b465ee728b)
Start importing Assets/Prefabs/Shell.prefab using Guid(7c060fd572c750f46a577bc7960150e7) Importer(815301076,1909f56bfc062723c751e8b465ee728b)  -> (artifact id: '199ff35f5d9e5d64c31b21f9e0457fa0') in 0.012465 seconds 
  Import took 0.015937 seconds .

========================================================================
Received Import Request.
  Time since last request: 0.125476 seconds.
  path: Assets/Prefabs/Shell.prefab
  artifactKey: Guid(7c060fd572c750f46a577bc7960150e7) Importer(815301076,1909f56bfc062723c751e8b465ee728b)
Start importing Assets/Prefabs/Shell.prefab using Guid(7c060fd572c750f46a577bc7960150e7) Importer(815301076,1909f56bfc062723c751e8b465ee728b)  -> (artifact id: '199ff35f5d9e5d64c31b21f9e0457fa0') in 0.010535 seconds 
  Import took 0.014408 seconds .

========================================================================
Received Import Request.
  Time since last request: 8.490555 seconds.
  path: Assets/Prefabs/ShellExplosion.prefab
  artifactKey: Guid(89e78efe92dfe5a42837b392cdb0bf9e) Importer(815301076,1909f56bfc062723c751e8b465ee728b)
Start importing Assets/Prefabs/ShellExplosion.prefab using Guid(89e78efe92dfe5a42837b392cdb0bf9e) Importer(815301076,1909f56bfc062723c751e8b465ee728b)  -> (artifact id: '94f9c26c3a00d819bf525d53b720f1ef') in 0.011360 seconds 
  Import took 0.014736 seconds .

========================================================================
Received Import Request.
  Time since last request: 0.032314 seconds.
  path: Assets/Prefabs/ShellExplosion.prefab
  artifactKey: Guid(89e78efe92dfe5a42837b392cdb0bf9e) Importer(815301076,1909f56bfc062723c751e8b465ee728b)
Start importing Assets/Prefabs/ShellExplosion.prefab using Guid(89e78efe92dfe5a42837b392cdb0bf9e) Importer(815301076,1909f56bfc062723c751e8b465ee728b)  -> (artifact id: '94f9c26c3a00d819bf525d53b720f1ef') in 0.010604 seconds 
  Import took 0.014627 seconds .

========================================================================
Received Import Request.
  Time since last request: 0.083484 seconds.
  path: Assets/Prefabs/ShellExplosion.prefab
  artifactKey: Guid(89e78efe92dfe5a42837b392cdb0bf9e) Importer(815301076,1909f56bfc062723c751e8b465ee728b)
Start importing Assets/Prefabs/ShellExplosion.prefab using Guid(89e78efe92dfe5a42837b392cdb0bf9e) Importer(815301076,1909f56bfc062723c751e8b465ee728b)  -> (artifact id: '514c95e2b21a74bd161657e9c71c0df8') in 0.010099 seconds 
  Import took 0.014385 seconds .

========================================================================
Received Import Request.
  Time since last request: 13.445328 seconds.
  path: Assets/Prefabs/ShellExplosion.prefab
  artifactKey: Guid(89e78efe92dfe5a42837b392cdb0bf9e) Importer(815301076,1909f56bfc062723c751e8b465ee728b)
Start importing Assets/Prefabs/ShellExplosion.prefab using Guid(89e78efe92dfe5a42837b392cdb0bf9e) Importer(815301076,1909f56bfc062723c751e8b465ee728b)  -> (artifact id: 'ada9d867b97ff8240210d9636251e51a') in 0.009727 seconds 
  Import took 0.013728 seconds .

========================================================================
Received Import Request.
  Time since last request: 4.522164 seconds.
  path: Assets/Prefabs/ShellExplosion.prefab
  artifactKey: Guid(89e78efe92dfe5a42837b392cdb0bf9e) Importer(815301076,1909f56bfc062723c751e8b465ee728b)
Start importing Assets/Prefabs/ShellExplosion.prefab using Guid(89e78efe92dfe5a42837b392cdb0bf9e) Importer(815301076,1909f56bfc062723c751e8b465ee728b)  -> (artifact id: '3ee77d1d64f5b0c2de239c5983e5869f') in 0.010485 seconds 
  Import took 0.014485 seconds .

========================================================================
Received Import Request.
  Time since last request: 7.266891 seconds.
  path: Assets/Prefabs/Shell.prefab
  artifactKey: Guid(7c060fd572c750f46a577bc7960150e7) Importer(815301076,1909f56bfc062723c751e8b465ee728b)
Start importing Assets/Prefabs/Shell.prefab using Guid(7c060fd572c750f46a577bc7960150e7) Importer(815301076,1909f56bfc062723c751e8b465ee728b)  -> (artifact id: '359f544ea3aedcdbf632dbf869b2cbc7') in 0.010717 seconds 
  Import took 0.014243 seconds .

========================================================================
Received Import Request.
  Time since last request: 30.235509 seconds.
  path: Assets/Prefabs/TankExplosion.prefab
  artifactKey: Guid(ee49a9a8678ecf8468eb488e1ac8d42b) Importer(815301076,1909f56bfc062723c751e8b465ee728b)
Start importing Assets/Prefabs/TankExplosion.prefab using Guid(ee49a9a8678ecf8468eb488e1ac8d42b) Importer(815301076,1909f56bfc062723c751e8b465ee728b)  -> (artifact id: 'aabaeda5c48b08165248cef23e4a1b23') in 0.010586 seconds 
  Import took 0.014063 seconds .

========================================================================
Received Import Request.
  Time since last request: 0.006287 seconds.
  path: Assets/Prefabs/TankExplosion.prefab
  artifactKey: Guid(ee49a9a8678ecf8468eb488e1ac8d42b) Importer(815301076,1909f56bfc062723c751e8b465ee728b)
Start importing Assets/Prefabs/TankExplosion.prefab using Guid(ee49a9a8678ecf8468eb488e1ac8d42b) Importer(815301076,1909f56bfc062723c751e8b465ee728b)  -> (artifact id: 'aabaeda5c48b08165248cef23e4a1b23') in 0.009572 seconds 
  Import took 0.013890 seconds .

========================================================================
Received Import Request.
  Time since last request: 3.903342 seconds.
  path: Assets/Prefabs/TankExplosion.prefab
  artifactKey: Guid(ee49a9a8678ecf8468eb488e1ac8d42b) Importer(815301076,1909f56bfc062723c751e8b465ee728b)
Start importing Assets/Prefabs/TankExplosion.prefab using Guid(ee49a9a8678ecf8468eb488e1ac8d42b) Importer(815301076,1909f56bfc062723c751e8b465ee728b)  -> (artifact id: 'b786be943a020ec8ce0d82479caa5120') in 0.008384 seconds 
  Import took 0.012126 seconds .

========================================================================
Received Prepare
Registering precompiled user dll's ...
Registered in 0.008325 seconds.
Begin MonoManager ReloadAssembly
Native extension for WindowsStandalone target not found
Native extension for WebGL target not found
Refreshing native plugins compatible for Editor in 0.71 ms, found 2 plugins.
Preloading 0 native plugins for Editor in 0.00 ms.
Mono: successfully reloaded assembly
- Completed reload, in  1.233 seconds
Domain Reload Profiling:
	ReloadAssembly (1233ms)
		BeginReloadAssembly (131ms)
			ExecutionOrderSort (0ms)
			DisableScriptedObjects (6ms)
			BackupInstance (0ms)
			ReleaseScriptingObjects (0ms)
			CreateAndSetChildDomain (40ms)
		EndReloadAssembly (1037ms)
			LoadAssemblies (116ms)
			RebuildTransferFunctionScriptingTraits (0ms)
			SetupTypeCache (326ms)
			ReleaseScriptCaches (1ms)
			RebuildScriptCaches (43ms)
			SetupLoadedEditorAssemblies (447ms)
				LogAssemblyErrors (0ms)
				InitializePlatformSupportModulesInManaged (6ms)
				SetLoadedEditorAssemblies (0ms)
				RefreshPlugins (1ms)
				BeforeProcessingInitializeOnLoad (88ms)
				ProcessInitializeOnLoadAttributes (310ms)
				ProcessInitializeOnLoadMethodAttributes (39ms)
				AfterProcessingInitializeOnLoad (3ms)
				EditorAssembliesLoaded (0ms)
			ExecutionOrderSort2 (0ms)
			AwakeInstancesAfterBackupRestoration (8ms)
Platform modules already initialized, skipping
Refreshing native plugins compatible for Editor in 0.94 ms, found 2 plugins.
Preloading 0 native plugins for Editor in 0.00 ms.
Unloading 2196 Unused Serialized files (Serialized files now loaded: 0)
System memory in use before: 94.9 MB.
System memory in use after: 95.0 MB.

Unloading 56 unused Assets to reduce memory usage. Loaded Objects now: 2639.
Total: 6.005900 ms (FindLiveObjects: 0.191900 ms CreateObjectMapping: 0.082000 ms MarkObjects: 5.654600 ms  DeleteObjects: 0.076000 ms)

AssetImportParameters requested are different than current active one (requested -> active):
  custom:framework-win-MediaFoundation: 216162199b28c13a410421893ffa2e32 -> 
  custom:video-decoder-ogg-theora: a1e56fd34408186e4bbccfd4996cb3dc -> 
  custom:container-muxer-webm: aa71ff27fc2769a1b78a27578f13a17b -> 
  custom:container-demuxer-webm: 4f35f7cbe854078d1ac9338744f61a02 -> 
  custom:container-demuxer-ogg: 62fdf1f143b41e24485cea50d1cbac27 -> 
  custom:video-encoder-webm-vp8: eb34c28f22e8b96e1ab97ce403110664 -> 
  custom:video-codec-MediaFoundation-h265: 746d11721c4dcdbdad8f713fa42b33f4 -> 
  custom:video-decoder-webm-vp8: 9c59270c3fd7afecdb556c50c9e8de78 -> 
  custom:audio-decoder-ogg-vorbis: bf7c407c2cedff20999df2af8eb42d56 -> 
  custom:audio-encoder-webm-vorbis: bf7c407c2cedff20999df2af8eb42d56 -> 
========================================================================
Received Prepare
Registering precompiled user dll's ...
Registered in 0.007825 seconds.
Begin MonoManager ReloadAssembly
Native extension for WindowsStandalone target not found
Native extension for WebGL target not found
Refreshing native plugins compatible for Editor in 0.74 ms, found 2 plugins.
Preloading 0 native plugins for Editor in 0.00 ms.
Mono: successfully reloaded assembly
- Completed reload, in  1.045 seconds
Domain Reload Profiling:
	ReloadAssembly (1045ms)
		BeginReloadAssembly (113ms)
			ExecutionOrderSort (0ms)
			DisableScriptedObjects (8ms)
			BackupInstance (0ms)
			ReleaseScriptingObjects (0ms)
			CreateAndSetChildDomain (33ms)
		EndReloadAssembly (876ms)
			LoadAssemblies (92ms)
			RebuildTransferFunctionScriptingTraits (0ms)
			SetupTypeCache (270ms)
			ReleaseScriptCaches (1ms)
			RebuildScriptCaches (36ms)
			SetupLoadedEditorAssemblies (385ms)
				LogAssemblyErrors (0ms)
				InitializePlatformSupportModulesInManaged (5ms)
				SetLoadedEditorAssemblies (0ms)
				RefreshPlugins (1ms)
				BeforeProcessingInitializeOnLoad (78ms)
				ProcessInitializeOnLoadAttributes (265ms)
				ProcessInitializeOnLoadMethodAttributes (32ms)
				AfterProcessingInitializeOnLoad (2ms)
				EditorAssembliesLoaded (0ms)
			ExecutionOrderSort2 (0ms)
			AwakeInstancesAfterBackupRestoration (6ms)
Platform modules already initialized, skipping
Refreshing native plugins compatible for Editor in 0.79 ms, found 2 plugins.
Preloading 0 native plugins for Editor in 0.00 ms.
Unloading 2196 Unused Serialized files (Serialized files now loaded: 0)
System memory in use before: 95.0 MB.
System memory in use after: 95.1 MB.

Unloading 54 unused Assets to reduce memory usage. Loaded Objects now: 2641.
Total: 4.948800 ms (FindLiveObjects: 0.184100 ms CreateObjectMapping: 0.077800 ms MarkObjects: 4.595300 ms  DeleteObjects: 0.090700 ms)

AssetImportParameters requested are different than current active one (requested -> active):
  custom:framework-win-MediaFoundation: 216162199b28c13a410421893ffa2e32 -> 
  custom:video-decoder-ogg-theora: a1e56fd34408186e4bbccfd4996cb3dc -> 
  custom:container-muxer-webm: aa71ff27fc2769a1b78a27578f13a17b -> 
  custom:container-demuxer-webm: 4f35f7cbe854078d1ac9338744f61a02 -> 
  custom:container-demuxer-ogg: 62fdf1f143b41e24485cea50d1cbac27 -> 
  custom:video-encoder-webm-vp8: eb34c28f22e8b96e1ab97ce403110664 -> 
  custom:video-codec-MediaFoundation-h265: 746d11721c4dcdbdad8f713fa42b33f4 -> 
  custom:video-decoder-webm-vp8: 9c59270c3fd7afecdb556c50c9e8de78 -> 
  custom:audio-decoder-ogg-vorbis: bf7c407c2cedff20999df2af8eb42d56 -> 
  custom:audio-encoder-webm-vorbis: bf7c407c2cedff20999df2af8eb42d56 -> 
========================================================================
Received Prepare
Registering precompiled user dll's ...
Registered in 0.008178 seconds.
Begin MonoManager ReloadAssembly
Native extension for WindowsStandalone target not found
Native extension for WebGL target not found
Refreshing native plugins compatible for Editor in 0.73 ms, found 2 plugins.
Preloading 0 native plugins for Editor in 0.00 ms.
Mono: successfully reloaded assembly
- Completed reload, in  1.113 seconds
Domain Reload Profiling:
	ReloadAssembly (1114ms)
		BeginReloadAssembly (111ms)
			ExecutionOrderSort (0ms)
			DisableScriptedObjects (5ms)
			BackupInstance (0ms)
			ReleaseScriptingObjects (0ms)
			CreateAndSetChildDomain (31ms)
		EndReloadAssembly (945ms)
			LoadAssemblies (104ms)
			RebuildTransferFunctionScriptingTraits (0ms)
			SetupTypeCache (292ms)
			ReleaseScriptCaches (1ms)
			RebuildScriptCaches (41ms)
			SetupLoadedEditorAssemblies (413ms)
				LogAssemblyErrors (0ms)
				InitializePlatformSupportModulesInManaged (6ms)
				SetLoadedEditorAssemblies (0ms)
				RefreshPlugins (1ms)
				BeforeProcessingInitializeOnLoad (79ms)
				ProcessInitializeOnLoadAttributes (289ms)
				ProcessInitializeOnLoadMethodAttributes (35ms)
				AfterProcessingInitializeOnLoad (2ms)
				EditorAssembliesLoaded (0ms)
			ExecutionOrderSort2 (0ms)
			AwakeInstancesAfterBackupRestoration (6ms)
Platform modules already initialized, skipping
Refreshing native plugins compatible for Editor in 0.93 ms, found 2 plugins.
Preloading 0 native plugins for Editor in 0.00 ms.
Unloading 2196 Unused Serialized files (Serialized files now loaded: 0)
System memory in use before: 95.0 MB.
System memory in use after: 95.1 MB.

Unloading 54 unused Assets to reduce memory usage. Loaded Objects now: 2643.
Total: 9.639800 ms (FindLiveObjects: 0.224500 ms CreateObjectMapping: 0.096800 ms MarkObjects: 9.243400 ms  DeleteObjects: 0.073100 ms)

AssetImportParameters requested are different than current active one (requested -> active):
  custom:framework-win-MediaFoundation: 216162199b28c13a410421893ffa2e32 -> 
  custom:video-decoder-ogg-theora: a1e56fd34408186e4bbccfd4996cb3dc -> 
  custom:container-muxer-webm: aa71ff27fc2769a1b78a27578f13a17b -> 
  custom:container-demuxer-webm: 4f35f7cbe854078d1ac9338744f61a02 -> 
  custom:container-demuxer-ogg: 62fdf1f143b41e24485cea50d1cbac27 -> 
  custom:video-encoder-webm-vp8: eb34c28f22e8b96e1ab97ce403110664 -> 
  custom:video-codec-MediaFoundation-h265: 746d11721c4dcdbdad8f713fa42b33f4 -> 
  custom:video-decoder-webm-vp8: 9c59270c3fd7afecdb556c50c9e8de78 -> 
  custom:audio-decoder-ogg-vorbis: bf7c407c2cedff20999df2af8eb42d56 -> 
  custom:audio-encoder-webm-vorbis: bf7c407c2cedff20999df2af8eb42d56 -> 
========================================================================
Received Import Request.
  Time since last request: 214.980546 seconds.
  path: Assets/AudioClips/MainMix.mixer
  artifactKey: Guid(4265f0c2efd5a2d4db508c8f2eb54084) Importer(815301076,1909f56bfc062723c751e8b465ee728b)
Start importing Assets/AudioClips/MainMix.mixer using Guid(4265f0c2efd5a2d4db508c8f2eb54084) Importer(815301076,1909f56bfc062723c751e8b465ee728b)  -> (artifact id: '7c690203020d2c170d8ed87b4c63bfe5') in 0.022755 seconds 
  Import took 0.027308 seconds .

AssetImportWorkerClient::OnTransportError - code=2 error=End of file
